[2011-11-16 09:20:17] [info] Running Service...
[2011-11-16 09:20:17] [info] Starting service...
[2011-11-16 09:20:30] [info] Service started in 12703 ms.
[2011-11-16 11:12:36] [info] Service STOP signaled
[2011-11-16 11:12:36] [info] Stopping service...
[2011-11-16 11:12:37] [info] Service stopped.
[2011-11-16 11:12:37] [info] Run service finished.
[2011-11-16 11:12:37] [info] Procrun finished.
[2011-11-16 11:12:40] [info] Running Service...
[2011-11-16 11:12:40] [info] Starting service...
[2011-11-16 11:12:41] [info] Service started in 1046 ms.
[2011-11-16 11:20:47] [info] Service STOP signaled
[2011-11-16 11:20:47] [info] Stopping service...
[2011-11-16 11:20:48] [info] Service stopped.
[2011-11-16 11:20:48] [info] Run service finished.
[2011-11-16 11:20:48] [info] Procrun finished.
[2011-11-16 11:20:51] [info] Running Service...
[2011-11-16 11:20:51] [info] Starting service...
[2011-11-16 11:20:53] [info] Service started in 1062 ms.
[2011-11-16 17:03:44] [info] Console SHUTDOWN event signaled
[2011-11-16 17:03:44] [info] Stopping service...
[2011-11-16 17:03:45] [info] Service stopped.
[2011-11-16 17:03:45] [info] Run service finished.
[2011-11-16 17:03:45] [info] Procrun finished.
[2011-11-16 17:08:19] [info] Running Service...
[2011-11-16 17:08:19] [info] Starting service...
[2011-11-16 17:08:29] [info] Service started in 9812 ms.
[2011-11-16 17:12:19] [info] Console SHUTDOWN event signaled
[2011-11-16 17:12:19] [info] Stopping service...
[2011-11-16 17:12:20] [info] Service stopped.
[2011-11-16 17:12:20] [info] Run service finished.
[2011-11-16 17:12:20] [info] Procrun finished.
