2011. 11. 18 오전 9:23:26 org.apache.coyote.http11.Http11Protocol init
정보: Initializing Coyote HTTP/1.1 on http-8080
2011. 11. 18 오전 9:23:26 org.apache.catalina.startup.Catalina load
정보: Initialization processed in 391 ms
2011. 11. 18 오전 9:23:26 org.apache.catalina.core.StandardService start
정보: Starting service Catalina
2011. 11. 18 오전 9:23:26 org.apache.catalina.core.StandardEngine start
정보: Starting Servlet Engine: Apache Tomcat/5.5.4
2011. 11. 18 오전 9:23:26 org.apache.catalina.core.StandardHost start
정보: XML validation disabled
2011. 11. 18 오전 9:23:29 org.apache.catalina.core.ApplicationContext log
정보: ContextListener: contextInitialized()
2011. 11. 18 오전 9:23:29 org.apache.catalina.core.ApplicationContext log
정보: SessionListener: contextInitialized()
2011. 11. 18 오전 9:23:29 org.apache.catalina.core.ApplicationContext log
정보: ContextListener: contextInitialized()
2011. 11. 18 오전 9:23:29 org.apache.catalina.core.ApplicationContext log
정보: SessionListener: contextInitialized()
2011. 11. 18 오전 9:23:29 org.apache.catalina.core.ApplicationContext log
정보: org.apache.webapp.balancer.BalancerFilter: init(): ruleChain: [org.apache.webapp.balancer.RuleChain: [org.apache.webapp.balancer.rules.URLStringMatchRule: Target string: News / Redirect URL: http://www.cnn.com], [org.apache.webapp.balancer.rules.RequestParameterRule: Target param name: paramName / Target param value: paramValue / Redirect URL: http://www.yahoo.com], [org.apache.webapp.balancer.rules.AcceptEverythingRule: Redirect URL: http://jakarta.apache.org]]
2011. 11. 18 오전 9:23:30 org.apache.coyote.http11.Http11Protocol start
정보: Starting Coyote HTTP/1.1 on http-8080
2011. 11. 18 오전 9:23:30 org.apache.jk.common.ChannelSocket init
정보: JK2: ajp13 listening on /0.0.0.0:8009
2011. 11. 18 오전 9:23:30 org.apache.jk.server.JkMain start
정보: Jk running ID=0 time=0/62  config=null
2011. 11. 18 오전 9:23:30 org.apache.catalina.startup.Catalina start
정보: Server startup in 3656 ms
2011. 11. 18 오전 9:26:40 org.apache.catalina.core.ApplicationContext log
정보: HTMLManager: init: Associated with Deployer 'Catalina:type=Deployer,host=localhost'
2011. 11. 18 오전 9:26:40 org.apache.catalina.core.ApplicationContext log
정보: HTMLManager: init: Global resources are available
2011. 11. 18 오전 9:26:40 org.apache.catalina.core.ApplicationContext log
정보: HTMLManager: list: Listing contexts for virtual host 'localhost'
2011. 11. 18 오전 9:57:41 org.apache.catalina.core.StandardWrapperValve invoke
심각: Servlet.service() for servlet jsp threw exception
org.apache.jasper.JasperException: Unable to compile class for JSP

An error occurred at line: 5 in the jsp file: /jspsrc/example4_2.jsp
Generated servlet error:
Syntax error on token ".", , expected


	at org.apache.jasper.compiler.DefaultErrorHandler.javacError(DefaultErrorHandler.java:84)
	at org.apache.jasper.compiler.ErrorDispatcher.javacError(ErrorDispatcher.java:328)
	at org.apache.jasper.compiler.JDTCompiler.generateClass(JDTCompiler.java:389)
	at org.apache.jasper.compiler.Compiler.compile(Compiler.java:288)
	at org.apache.jasper.compiler.Compiler.compile(Compiler.java:267)
	at org.apache.jasper.compiler.Compiler.compile(Compiler.java:255)
	at org.apache.jasper.JspCompilationContext.compile(JspCompilationContext.java:556)
	at org.apache.jasper.servlet.JspServletWrapper.service(JspServletWrapper.java:296)
	at org.apache.jasper.servlet.JspServlet.serviceJspFile(JspServlet.java:295)
	at org.apache.jasper.servlet.JspServlet.service(JspServlet.java:245)
	at javax.servlet.http.HttpServlet.service(HttpServlet.java:802)
	at org.apache.catalina.core.ApplicationFilterChain.internalDoFilter(ApplicationFilterChain.java:237)
	at org.apache.catalina.core.ApplicationFilterChain.doFilter(ApplicationFilterChain.java:157)
	at org.apache.catalina.core.StandardWrapperValve.invoke(StandardWrapperValve.java:214)
	at org.apache.catalina.core.StandardContextValve.invoke(StandardContextValve.java:178)
	at org.apache.catalina.core.StandardHostValve.invoke(StandardHostValve.java:126)
	at org.apache.catalina.valves.ErrorReportValve.invoke(ErrorReportValve.java:105)
	at org.apache.catalina.core.StandardEngineValve.invoke(StandardEngineValve.java:107)
	at org.apache.catalina.connector.CoyoteAdapter.service(CoyoteAdapter.java:148)
	at org.apache.coyote.http11.Http11Processor.process(Http11Processor.java:825)
	at org.apache.coyote.http11.Http11Protocol$Http11ConnectionHandler.processConnection(Http11Protocol.java:731)
	at org.apache.tomcat.util.net.PoolTcpEndpoint.processSocket(PoolTcpEndpoint.java:526)
	at org.apache.tomcat.util.net.LeaderFollowerWorkerThread.runIt(LeaderFollowerWorkerThread.java:80)
	at org.apache.tomcat.util.threads.ThreadPool$ControlRunnable.run(ThreadPool.java:684)
	at java.lang.Thread.run(Unknown Source)
2011. 11. 18 오전 10:02:32 org.apache.catalina.core.ApplicationContext log
정보: HTMLManager: restart: Reloading web application at '/edu'
2011. 11. 18 오전 10:02:32 org.apache.catalina.core.StandardContext reload
정보: Reloading this Context has started
2011. 11. 18 오전 10:02:32 org.apache.catalina.core.ApplicationContext log
정보: HTMLManager: list: Listing contexts for virtual host 'localhost'
2011. 11. 18 오전 10:02:41 org.apache.catalina.core.StandardWrapperValve invoke
심각: Servlet.service() for servlet jsp threw exception
org.apache.jasper.JasperException: Unable to compile class for JSP

An error occurred at line: 5 in the jsp file: /jspsrc/example4_2.jsp
Generated servlet error:
Syntax error on token ".", , expected


	at org.apache.jasper.compiler.DefaultErrorHandler.javacError(DefaultErrorHandler.java:84)
	at org.apache.jasper.compiler.ErrorDispatcher.javacError(ErrorDispatcher.java:328)
	at org.apache.jasper.compiler.JDTCompiler.generateClass(JDTCompiler.java:389)
	at org.apache.jasper.compiler.Compiler.compile(Compiler.java:288)
	at org.apache.jasper.compiler.Compiler.compile(Compiler.java:267)
	at org.apache.jasper.compiler.Compiler.compile(Compiler.java:255)
	at org.apache.jasper.JspCompilationContext.compile(JspCompilationContext.java:556)
	at org.apache.jasper.servlet.JspServletWrapper.service(JspServletWrapper.java:296)
	at org.apache.jasper.servlet.JspServlet.serviceJspFile(JspServlet.java:295)
	at org.apache.jasper.servlet.JspServlet.service(JspServlet.java:245)
	at javax.servlet.http.HttpServlet.service(HttpServlet.java:802)
	at org.apache.catalina.core.ApplicationFilterChain.internalDoFilter(ApplicationFilterChain.java:237)
	at org.apache.catalina.core.ApplicationFilterChain.doFilter(ApplicationFilterChain.java:157)
	at org.apache.catalina.core.StandardWrapperValve.invoke(StandardWrapperValve.java:214)
	at org.apache.catalina.core.StandardContextValve.invoke(StandardContextValve.java:178)
	at org.apache.catalina.core.StandardHostValve.invoke(StandardHostValve.java:126)
	at org.apache.catalina.valves.ErrorReportValve.invoke(ErrorReportValve.java:105)
	at org.apache.catalina.core.StandardEngineValve.invoke(StandardEngineValve.java:107)
	at org.apache.catalina.connector.CoyoteAdapter.service(CoyoteAdapter.java:148)
	at org.apache.coyote.http11.Http11Processor.process(Http11Processor.java:825)
	at org.apache.coyote.http11.Http11Protocol$Http11ConnectionHandler.processConnection(Http11Protocol.java:731)
	at org.apache.tomcat.util.net.PoolTcpEndpoint.processSocket(PoolTcpEndpoint.java:526)
	at org.apache.tomcat.util.net.LeaderFollowerWorkerThread.runIt(LeaderFollowerWorkerThread.java:80)
	at org.apache.tomcat.util.threads.ThreadPool$ControlRunnable.run(ThreadPool.java:684)
	at java.lang.Thread.run(Unknown Source)
2011. 11. 18 오전 10:02:44 org.apache.catalina.core.StandardWrapperValve invoke
심각: Servlet.service() for servlet jsp threw exception
java.lang.ClassNotFoundException: org.apache.jsp.jspsrc.example4_005f2_jsp
	at java.net.URLClassLoader$1.run(Unknown Source)
	at java.security.AccessController.doPrivileged(Native Method)
	at java.net.URLClassLoader.findClass(Unknown Source)
	at org.apache.jasper.servlet.JasperLoader.loadClass(JasperLoader.java:156)
	at org.apache.jasper.servlet.JasperLoader.loadClass(JasperLoader.java:69)
	at org.apache.jasper.JspCompilationContext.load(JspCompilationContext.java:589)
	at org.apache.jasper.servlet.JspServletWrapper.getServlet(JspServletWrapper.java:137)
	at org.apache.jasper.servlet.JspServletWrapper.service(JspServletWrapper.java:308)
	at org.apache.jasper.servlet.JspServlet.serviceJspFile(JspServlet.java:295)
	at org.apache.jasper.servlet.JspServlet.service(JspServlet.java:245)
	at javax.servlet.http.HttpServlet.service(HttpServlet.java:802)
	at org.apache.catalina.core.ApplicationFilterChain.internalDoFilter(ApplicationFilterChain.java:237)
	at org.apache.catalina.core.ApplicationFilterChain.doFilter(ApplicationFilterChain.java:157)
	at org.apache.catalina.core.StandardWrapperValve.invoke(StandardWrapperValve.java:214)
	at org.apache.catalina.core.StandardContextValve.invoke(StandardContextValve.java:178)
	at org.apache.catalina.core.StandardHostValve.invoke(StandardHostValve.java:126)
	at org.apache.catalina.valves.ErrorReportValve.invoke(ErrorReportValve.java:105)
	at org.apache.catalina.core.StandardEngineValve.invoke(StandardEngineValve.java:107)
	at org.apache.catalina.connector.CoyoteAdapter.service(CoyoteAdapter.java:148)
	at org.apache.coyote.http11.Http11Processor.process(Http11Processor.java:825)
	at org.apache.coyote.http11.Http11Protocol$Http11ConnectionHandler.processConnection(Http11Protocol.java:731)
	at org.apache.tomcat.util.net.PoolTcpEndpoint.processSocket(PoolTcpEndpoint.java:526)
	at org.apache.tomcat.util.net.LeaderFollowerWorkerThread.runIt(LeaderFollowerWorkerThread.java:80)
	at org.apache.tomcat.util.threads.ThreadPool$ControlRunnable.run(ThreadPool.java:684)
	at java.lang.Thread.run(Unknown Source)
2011. 11. 18 오전 10:03:39 org.apache.catalina.core.StandardWrapperValve invoke
심각: Servlet.service() for servlet jsp threw exception
org.apache.jasper.JasperException: Unable to compile class for JSP

An error occurred at line: 5 in the jsp file: /jspsrc/example4_2.jsp
Generated servlet error:
Syntax error on token ".", , expected


	at org.apache.jasper.compiler.DefaultErrorHandler.javacError(DefaultErrorHandler.java:84)
	at org.apache.jasper.compiler.ErrorDispatcher.javacError(ErrorDispatcher.java:328)
	at org.apache.jasper.compiler.JDTCompiler.generateClass(JDTCompiler.java:389)
	at org.apache.jasper.compiler.Compiler.compile(Compiler.java:288)
	at org.apache.jasper.compiler.Compiler.compile(Compiler.java:267)
	at org.apache.jasper.compiler.Compiler.compile(Compiler.java:255)
	at org.apache.jasper.JspCompilationContext.compile(JspCompilationContext.java:556)
	at org.apache.jasper.servlet.JspServletWrapper.service(JspServletWrapper.java:296)
	at org.apache.jasper.servlet.JspServlet.serviceJspFile(JspServlet.java:295)
	at org.apache.jasper.servlet.JspServlet.service(JspServlet.java:245)
	at javax.servlet.http.HttpServlet.service(HttpServlet.java:802)
	at org.apache.catalina.core.ApplicationFilterChain.internalDoFilter(ApplicationFilterChain.java:237)
	at org.apache.catalina.core.ApplicationFilterChain.doFilter(ApplicationFilterChain.java:157)
	at org.apache.catalina.core.StandardWrapperValve.invoke(StandardWrapperValve.java:214)
	at org.apache.catalina.core.StandardContextValve.invoke(StandardContextValve.java:178)
	at org.apache.catalina.core.StandardHostValve.invoke(StandardHostValve.java:126)
	at org.apache.catalina.valves.ErrorReportValve.invoke(ErrorReportValve.java:105)
	at org.apache.catalina.core.StandardEngineValve.invoke(StandardEngineValve.java:107)
	at org.apache.catalina.connector.CoyoteAdapter.service(CoyoteAdapter.java:148)
	at org.apache.coyote.http11.Http11Processor.process(Http11Processor.java:825)
	at org.apache.coyote.http11.Http11Protocol$Http11ConnectionHandler.processConnection(Http11Protocol.java:731)
	at org.apache.tomcat.util.net.PoolTcpEndpoint.processSocket(PoolTcpEndpoint.java:526)
	at org.apache.tomcat.util.net.LeaderFollowerWorkerThread.runIt(LeaderFollowerWorkerThread.java:80)
	at org.apache.tomcat.util.threads.ThreadPool$ControlRunnable.run(ThreadPool.java:684)
	at java.lang.Thread.run(Unknown Source)
2011. 11. 18 오전 10:05:38 org.apache.catalina.core.StandardWrapperValve invoke
심각: Servlet.service() for servlet jsp threw exception
org.apache.jasper.JasperException: Unable to compile class for JSP

An error occurred at line: 5 in the jsp file: /jspsrc/example4_2.jsp
Generated servlet error:
Syntax error on token ".", , expected


	at org.apache.jasper.compiler.DefaultErrorHandler.javacError(DefaultErrorHandler.java:84)
	at org.apache.jasper.compiler.ErrorDispatcher.javacError(ErrorDispatcher.java:328)
	at org.apache.jasper.compiler.JDTCompiler.generateClass(JDTCompiler.java:389)
	at org.apache.jasper.compiler.Compiler.compile(Compiler.java:288)
	at org.apache.jasper.compiler.Compiler.compile(Compiler.java:267)
	at org.apache.jasper.compiler.Compiler.compile(Compiler.java:255)
	at org.apache.jasper.JspCompilationContext.compile(JspCompilationContext.java:556)
	at org.apache.jasper.servlet.JspServletWrapper.service(JspServletWrapper.java:296)
	at org.apache.jasper.servlet.JspServlet.serviceJspFile(JspServlet.java:295)
	at org.apache.jasper.servlet.JspServlet.service(JspServlet.java:245)
	at javax.servlet.http.HttpServlet.service(HttpServlet.java:802)
	at org.apache.catalina.core.ApplicationFilterChain.internalDoFilter(ApplicationFilterChain.java:237)
	at org.apache.catalina.core.ApplicationFilterChain.doFilter(ApplicationFilterChain.java:157)
	at org.apache.catalina.core.StandardWrapperValve.invoke(StandardWrapperValve.java:214)
	at org.apache.catalina.core.StandardContextValve.invoke(StandardContextValve.java:178)
	at org.apache.catalina.core.StandardHostValve.invoke(StandardHostValve.java:126)
	at org.apache.catalina.valves.ErrorReportValve.invoke(ErrorReportValve.java:105)
	at org.apache.catalina.core.StandardEngineValve.invoke(StandardEngineValve.java:107)
	at org.apache.catalina.connector.CoyoteAdapter.service(CoyoteAdapter.java:148)
	at org.apache.coyote.http11.Http11Processor.process(Http11Processor.java:825)
	at org.apache.coyote.http11.Http11Protocol$Http11ConnectionHandler.processConnection(Http11Protocol.java:731)
	at org.apache.tomcat.util.net.PoolTcpEndpoint.processSocket(PoolTcpEndpoint.java:526)
	at org.apache.tomcat.util.net.LeaderFollowerWorkerThread.runIt(LeaderFollowerWorkerThread.java:80)
	at org.apache.tomcat.util.threads.ThreadPool$ControlRunnable.run(ThreadPool.java:684)
	at java.lang.Thread.run(Unknown Source)
2011. 11. 18 오전 10:05:40 org.apache.catalina.core.StandardWrapperValve invoke
심각: Servlet.service() for servlet jsp threw exception
java.lang.ClassNotFoundException: org.apache.jsp.jspsrc.example4_005f2_jsp
	at java.net.URLClassLoader$1.run(Unknown Source)
	at java.security.AccessController.doPrivileged(Native Method)
	at java.net.URLClassLoader.findClass(Unknown Source)
	at org.apache.jasper.servlet.JasperLoader.loadClass(JasperLoader.java:156)
	at org.apache.jasper.servlet.JasperLoader.loadClass(JasperLoader.java:69)
	at org.apache.jasper.JspCompilationContext.load(JspCompilationContext.java:589)
	at org.apache.jasper.servlet.JspServletWrapper.getServlet(JspServletWrapper.java:137)
	at org.apache.jasper.servlet.JspServletWrapper.service(JspServletWrapper.java:308)
	at org.apache.jasper.servlet.JspServlet.serviceJspFile(JspServlet.java:295)
	at org.apache.jasper.servlet.JspServlet.service(JspServlet.java:245)
	at javax.servlet.http.HttpServlet.service(HttpServlet.java:802)
	at org.apache.catalina.core.ApplicationFilterChain.internalDoFilter(ApplicationFilterChain.java:237)
	at org.apache.catalina.core.ApplicationFilterChain.doFilter(ApplicationFilterChain.java:157)
	at org.apache.catalina.core.StandardWrapperValve.invoke(StandardWrapperValve.java:214)
	at org.apache.catalina.core.StandardContextValve.invoke(StandardContextValve.java:178)
	at org.apache.catalina.core.StandardHostValve.invoke(StandardHostValve.java:126)
	at org.apache.catalina.valves.ErrorReportValve.invoke(ErrorReportValve.java:105)
	at org.apache.catalina.core.StandardEngineValve.invoke(StandardEngineValve.java:107)
	at org.apache.catalina.connector.CoyoteAdapter.service(CoyoteAdapter.java:148)
	at org.apache.coyote.http11.Http11Processor.process(Http11Processor.java:825)
	at org.apache.coyote.http11.Http11Protocol$Http11ConnectionHandler.processConnection(Http11Protocol.java:731)
	at org.apache.tomcat.util.net.PoolTcpEndpoint.processSocket(PoolTcpEndpoint.java:526)
	at org.apache.tomcat.util.net.LeaderFollowerWorkerThread.runIt(LeaderFollowerWorkerThread.java:80)
	at org.apache.tomcat.util.threads.ThreadPool$ControlRunnable.run(ThreadPool.java:684)
	at java.lang.Thread.run(Unknown Source)
2011. 11. 18 오전 10:05:41 org.apache.catalina.core.StandardWrapperValve invoke
심각: Servlet.service() for servlet jsp threw exception
java.lang.ClassNotFoundException: org.apache.jsp.jspsrc.example4_005f2_jsp
	at java.net.URLClassLoader$1.run(Unknown Source)
	at java.security.AccessController.doPrivileged(Native Method)
	at java.net.URLClassLoader.findClass(Unknown Source)
	at org.apache.jasper.servlet.JasperLoader.loadClass(JasperLoader.java:156)
	at org.apache.jasper.servlet.JasperLoader.loadClass(JasperLoader.java:69)
	at org.apache.jasper.JspCompilationContext.load(JspCompilationContext.java:589)
	at org.apache.jasper.servlet.JspServletWrapper.getServlet(JspServletWrapper.java:137)
	at org.apache.jasper.servlet.JspServletWrapper.service(JspServletWrapper.java:308)
	at org.apache.jasper.servlet.JspServlet.serviceJspFile(JspServlet.java:295)
	at org.apache.jasper.servlet.JspServlet.service(JspServlet.java:245)
	at javax.servlet.http.HttpServlet.service(HttpServlet.java:802)
	at org.apache.catalina.core.ApplicationFilterChain.internalDoFilter(ApplicationFilterChain.java:237)
	at org.apache.catalina.core.ApplicationFilterChain.doFilter(ApplicationFilterChain.java:157)
	at org.apache.catalina.core.StandardWrapperValve.invoke(StandardWrapperValve.java:214)
	at org.apache.catalina.core.StandardContextValve.invoke(StandardContextValve.java:178)
	at org.apache.catalina.core.StandardHostValve.invoke(StandardHostValve.java:126)
	at org.apache.catalina.valves.ErrorReportValve.invoke(ErrorReportValve.java:105)
	at org.apache.catalina.core.StandardEngineValve.invoke(StandardEngineValve.java:107)
	at org.apache.catalina.connector.CoyoteAdapter.service(CoyoteAdapter.java:148)
	at org.apache.coyote.http11.Http11Processor.process(Http11Processor.java:825)
	at org.apache.coyote.http11.Http11Protocol$Http11ConnectionHandler.processConnection(Http11Protocol.java:731)
	at org.apache.tomcat.util.net.PoolTcpEndpoint.processSocket(PoolTcpEndpoint.java:526)
	at org.apache.tomcat.util.net.LeaderFollowerWorkerThread.runIt(LeaderFollowerWorkerThread.java:80)
	at org.apache.tomcat.util.threads.ThreadPool$ControlRunnable.run(ThreadPool.java:684)
	at java.lang.Thread.run(Unknown Source)
2011. 11. 18 오전 10:05:47 org.apache.catalina.core.StandardWrapperValve invoke
심각: Servlet.service() for servlet jsp threw exception
org.apache.jasper.JasperException: Unable to compile class for JSP

An error occurred at line: 5 in the jsp file: /jspsrc/example4_2.jsp
Generated servlet error:
Syntax error on token ".", , expected


	at org.apache.jasper.compiler.DefaultErrorHandler.javacError(DefaultErrorHandler.java:84)
	at org.apache.jasper.compiler.ErrorDispatcher.javacError(ErrorDispatcher.java:328)
	at org.apache.jasper.compiler.JDTCompiler.generateClass(JDTCompiler.java:389)
	at org.apache.jasper.compiler.Compiler.compile(Compiler.java:288)
	at org.apache.jasper.compiler.Compiler.compile(Compiler.java:267)
	at org.apache.jasper.compiler.Compiler.compile(Compiler.java:255)
	at org.apache.jasper.JspCompilationContext.compile(JspCompilationContext.java:556)
	at org.apache.jasper.servlet.JspServletWrapper.service(JspServletWrapper.java:296)
	at org.apache.jasper.servlet.JspServlet.serviceJspFile(JspServlet.java:295)
	at org.apache.jasper.servlet.JspServlet.service(JspServlet.java:245)
	at javax.servlet.http.HttpServlet.service(HttpServlet.java:802)
	at org.apache.catalina.core.ApplicationFilterChain.internalDoFilter(ApplicationFilterChain.java:237)
	at org.apache.catalina.core.ApplicationFilterChain.doFilter(ApplicationFilterChain.java:157)
	at org.apache.catalina.core.StandardWrapperValve.invoke(StandardWrapperValve.java:214)
	at org.apache.catalina.core.StandardContextValve.invoke(StandardContextValve.java:178)
	at org.apache.catalina.core.StandardHostValve.invoke(StandardHostValve.java:126)
	at org.apache.catalina.valves.ErrorReportValve.invoke(ErrorReportValve.java:105)
	at org.apache.catalina.core.StandardEngineValve.invoke(StandardEngineValve.java:107)
	at org.apache.catalina.connector.CoyoteAdapter.service(CoyoteAdapter.java:148)
	at org.apache.coyote.http11.Http11Processor.process(Http11Processor.java:825)
	at org.apache.coyote.http11.Http11Protocol$Http11ConnectionHandler.processConnection(Http11Protocol.java:731)
	at org.apache.tomcat.util.net.PoolTcpEndpoint.processSocket(PoolTcpEndpoint.java:526)
	at org.apache.tomcat.util.net.LeaderFollowerWorkerThread.runIt(LeaderFollowerWorkerThread.java:80)
	at org.apache.tomcat.util.threads.ThreadPool$ControlRunnable.run(ThreadPool.java:684)
	at java.lang.Thread.run(Unknown Source)
2011. 11. 18 오전 10:07:44 org.apache.catalina.core.StandardWrapperValve invoke
심각: Servlet.service() for servlet jsp threw exception
org.apache.jasper.JasperException: Unable to compile class for JSP

An error occurred at line: 5 in the jsp file: /jspsrc/example4_2.jsp
Generated servlet error:
Syntax error on token ".", , expected


	at org.apache.jasper.compiler.DefaultErrorHandler.javacError(DefaultErrorHandler.java:84)
	at org.apache.jasper.compiler.ErrorDispatcher.javacError(ErrorDispatcher.java:328)
	at org.apache.jasper.compiler.JDTCompiler.generateClass(JDTCompiler.java:389)
	at org.apache.jasper.compiler.Compiler.compile(Compiler.java:288)
	at org.apache.jasper.compiler.Compiler.compile(Compiler.java:267)
	at org.apache.jasper.compiler.Compiler.compile(Compiler.java:255)
	at org.apache.jasper.JspCompilationContext.compile(JspCompilationContext.java:556)
	at org.apache.jasper.servlet.JspServletWrapper.service(JspServletWrapper.java:296)
	at org.apache.jasper.servlet.JspServlet.serviceJspFile(JspServlet.java:295)
	at org.apache.jasper.servlet.JspServlet.service(JspServlet.java:245)
	at javax.servlet.http.HttpServlet.service(HttpServlet.java:802)
	at org.apache.catalina.core.ApplicationFilterChain.internalDoFilter(ApplicationFilterChain.java:237)
	at org.apache.catalina.core.ApplicationFilterChain.doFilter(ApplicationFilterChain.java:157)
	at org.apache.catalina.core.StandardWrapperValve.invoke(StandardWrapperValve.java:214)
	at org.apache.catalina.core.StandardContextValve.invoke(StandardContextValve.java:178)
	at org.apache.catalina.core.StandardHostValve.invoke(StandardHostValve.java:126)
	at org.apache.catalina.valves.ErrorReportValve.invoke(ErrorReportValve.java:105)
	at org.apache.catalina.core.StandardEngineValve.invoke(StandardEngineValve.java:107)
	at org.apache.catalina.connector.CoyoteAdapter.service(CoyoteAdapter.java:148)
	at org.apache.coyote.http11.Http11Processor.process(Http11Processor.java:825)
	at org.apache.coyote.http11.Http11Protocol$Http11ConnectionHandler.processConnection(Http11Protocol.java:731)
	at org.apache.tomcat.util.net.PoolTcpEndpoint.processSocket(PoolTcpEndpoint.java:526)
	at org.apache.tomcat.util.net.LeaderFollowerWorkerThread.runIt(LeaderFollowerWorkerThread.java:80)
	at org.apache.tomcat.util.threads.ThreadPool$ControlRunnable.run(ThreadPool.java:684)
	at java.lang.Thread.run(Unknown Source)
2011. 11. 18 오전 10:07:45 org.apache.catalina.core.StandardWrapperValve invoke
심각: Servlet.service() for servlet jsp threw exception
java.lang.ClassNotFoundException: org.apache.jsp.jspsrc.example4_005f2_jsp
	at java.net.URLClassLoader$1.run(Unknown Source)
	at java.security.AccessController.doPrivileged(Native Method)
	at java.net.URLClassLoader.findClass(Unknown Source)
	at org.apache.jasper.servlet.JasperLoader.loadClass(JasperLoader.java:156)
	at org.apache.jasper.servlet.JasperLoader.loadClass(JasperLoader.java:69)
	at org.apache.jasper.JspCompilationContext.load(JspCompilationContext.java:589)
	at org.apache.jasper.servlet.JspServletWrapper.getServlet(JspServletWrapper.java:137)
	at org.apache.jasper.servlet.JspServletWrapper.service(JspServletWrapper.java:308)
	at org.apache.jasper.servlet.JspServlet.serviceJspFile(JspServlet.java:295)
	at org.apache.jasper.servlet.JspServlet.service(JspServlet.java:245)
	at javax.servlet.http.HttpServlet.service(HttpServlet.java:802)
	at org.apache.catalina.core.ApplicationFilterChain.internalDoFilter(ApplicationFilterChain.java:237)
	at org.apache.catalina.core.ApplicationFilterChain.doFilter(ApplicationFilterChain.java:157)
	at org.apache.catalina.core.StandardWrapperValve.invoke(StandardWrapperValve.java:214)
	at org.apache.catalina.core.StandardContextValve.invoke(StandardContextValve.java:178)
	at org.apache.catalina.core.StandardHostValve.invoke(StandardHostValve.java:126)
	at org.apache.catalina.valves.ErrorReportValve.invoke(ErrorReportValve.java:105)
	at org.apache.catalina.core.StandardEngineValve.invoke(StandardEngineValve.java:107)
	at org.apache.catalina.connector.CoyoteAdapter.service(CoyoteAdapter.java:148)
	at org.apache.coyote.http11.Http11Processor.process(Http11Processor.java:825)
	at org.apache.coyote.http11.Http11Protocol$Http11ConnectionHandler.processConnection(Http11Protocol.java:731)
	at org.apache.tomcat.util.net.PoolTcpEndpoint.processSocket(PoolTcpEndpoint.java:526)
	at org.apache.tomcat.util.net.LeaderFollowerWorkerThread.runIt(LeaderFollowerWorkerThread.java:80)
	at org.apache.tomcat.util.threads.ThreadPool$ControlRunnable.run(ThreadPool.java:684)
	at java.lang.Thread.run(Unknown Source)
2011. 11. 18 오전 10:07:47 org.apache.catalina.core.StandardWrapperValve invoke
심각: Servlet.service() for servlet jsp threw exception
java.lang.ClassNotFoundException: org.apache.jsp.jspsrc.example4_005f2_jsp
	at java.net.URLClassLoader$1.run(Unknown Source)
	at java.security.AccessController.doPrivileged(Native Method)
	at java.net.URLClassLoader.findClass(Unknown Source)
	at org.apache.jasper.servlet.JasperLoader.loadClass(JasperLoader.java:156)
	at org.apache.jasper.servlet.JasperLoader.loadClass(JasperLoader.java:69)
	at org.apache.jasper.JspCompilationContext.load(JspCompilationContext.java:589)
	at org.apache.jasper.servlet.JspServletWrapper.getServlet(JspServletWrapper.java:137)
	at org.apache.jasper.servlet.JspServletWrapper.service(JspServletWrapper.java:308)
	at org.apache.jasper.servlet.JspServlet.serviceJspFile(JspServlet.java:295)
	at org.apache.jasper.servlet.JspServlet.service(JspServlet.java:245)
	at javax.servlet.http.HttpServlet.service(HttpServlet.java:802)
	at org.apache.catalina.core.ApplicationFilterChain.internalDoFilter(ApplicationFilterChain.java:237)
	at org.apache.catalina.core.ApplicationFilterChain.doFilter(ApplicationFilterChain.java:157)
	at org.apache.catalina.core.StandardWrapperValve.invoke(StandardWrapperValve.java:214)
	at org.apache.catalina.core.StandardContextValve.invoke(StandardContextValve.java:178)
	at org.apache.catalina.core.StandardHostValve.invoke(StandardHostValve.java:126)
	at org.apache.catalina.valves.ErrorReportValve.invoke(ErrorReportValve.java:105)
	at org.apache.catalina.core.StandardEngineValve.invoke(StandardEngineValve.java:107)
	at org.apache.catalina.connector.CoyoteAdapter.service(CoyoteAdapter.java:148)
	at org.apache.coyote.http11.Http11Processor.process(Http11Processor.java:825)
	at org.apache.coyote.http11.Http11Protocol$Http11ConnectionHandler.processConnection(Http11Protocol.java:731)
	at org.apache.tomcat.util.net.PoolTcpEndpoint.processSocket(PoolTcpEndpoint.java:526)
	at org.apache.tomcat.util.net.LeaderFollowerWorkerThread.runIt(LeaderFollowerWorkerThread.java:80)
	at org.apache.tomcat.util.threads.ThreadPool$ControlRunnable.run(ThreadPool.java:684)
	at java.lang.Thread.run(Unknown Source)
2011. 11. 18 오전 10:07:52 org.apache.catalina.core.ApplicationContext log
정보: HTMLManager: restart: Reloading web application at '/edu'
2011. 11. 18 오전 10:07:52 org.apache.catalina.core.StandardContext reload
정보: Reloading this Context has started
2011. 11. 18 오전 10:07:52 org.apache.catalina.core.ApplicationContext log
정보: HTMLManager: list: Listing contexts for virtual host 'localhost'
2011. 11. 18 오전 10:07:56 org.apache.catalina.core.StandardWrapperValve invoke
심각: Servlet.service() for servlet jsp threw exception
org.apache.jasper.JasperException: Unable to compile class for JSP

An error occurred at line: 5 in the jsp file: /jspsrc/example4_2.jsp
Generated servlet error:
Syntax error on token ".", , expected


	at org.apache.jasper.compiler.DefaultErrorHandler.javacError(DefaultErrorHandler.java:84)
	at org.apache.jasper.compiler.ErrorDispatcher.javacError(ErrorDispatcher.java:328)
	at org.apache.jasper.compiler.JDTCompiler.generateClass(JDTCompiler.java:389)
	at org.apache.jasper.compiler.Compiler.compile(Compiler.java:288)
	at org.apache.jasper.compiler.Compiler.compile(Compiler.java:267)
	at org.apache.jasper.compiler.Compiler.compile(Compiler.java:255)
	at org.apache.jasper.JspCompilationContext.compile(JspCompilationContext.java:556)
	at org.apache.jasper.servlet.JspServletWrapper.service(JspServletWrapper.java:296)
	at org.apache.jasper.servlet.JspServlet.serviceJspFile(JspServlet.java:295)
	at org.apache.jasper.servlet.JspServlet.service(JspServlet.java:245)
	at javax.servlet.http.HttpServlet.service(HttpServlet.java:802)
	at org.apache.catalina.core.ApplicationFilterChain.internalDoFilter(ApplicationFilterChain.java:237)
	at org.apache.catalina.core.ApplicationFilterChain.doFilter(ApplicationFilterChain.java:157)
	at org.apache.catalina.core.StandardWrapperValve.invoke(StandardWrapperValve.java:214)
	at org.apache.catalina.core.StandardContextValve.invoke(StandardContextValve.java:178)
	at org.apache.catalina.core.StandardHostValve.invoke(StandardHostValve.java:126)
	at org.apache.catalina.valves.ErrorReportValve.invoke(ErrorReportValve.java:105)
	at org.apache.catalina.core.StandardEngineValve.invoke(StandardEngineValve.java:107)
	at org.apache.catalina.connector.CoyoteAdapter.service(CoyoteAdapter.java:148)
	at org.apache.coyote.http11.Http11Processor.process(Http11Processor.java:825)
	at org.apache.coyote.http11.Http11Protocol$Http11ConnectionHandler.processConnection(Http11Protocol.java:731)
	at org.apache.tomcat.util.net.PoolTcpEndpoint.processSocket(PoolTcpEndpoint.java:526)
	at org.apache.tomcat.util.net.LeaderFollowerWorkerThread.runIt(LeaderFollowerWorkerThread.java:80)
	at org.apache.tomcat.util.threads.ThreadPool$ControlRunnable.run(ThreadPool.java:684)
	at java.lang.Thread.run(Unknown Source)
2011. 11. 18 오전 10:07:57 org.apache.catalina.core.StandardWrapperValve invoke
심각: Servlet.service() for servlet jsp threw exception
java.lang.ClassNotFoundException: org.apache.jsp.jspsrc.example4_005f2_jsp
	at java.net.URLClassLoader$1.run(Unknown Source)
	at java.security.AccessController.doPrivileged(Native Method)
	at java.net.URLClassLoader.findClass(Unknown Source)
	at org.apache.jasper.servlet.JasperLoader.loadClass(JasperLoader.java:156)
	at org.apache.jasper.servlet.JasperLoader.loadClass(JasperLoader.java:69)
	at org.apache.jasper.JspCompilationContext.load(JspCompilationContext.java:589)
	at org.apache.jasper.servlet.JspServletWrapper.getServlet(JspServletWrapper.java:137)
	at org.apache.jasper.servlet.JspServletWrapper.service(JspServletWrapper.java:308)
	at org.apache.jasper.servlet.JspServlet.serviceJspFile(JspServlet.java:295)
	at org.apache.jasper.servlet.JspServlet.service(JspServlet.java:245)
	at javax.servlet.http.HttpServlet.service(HttpServlet.java:802)
	at org.apache.catalina.core.ApplicationFilterChain.internalDoFilter(ApplicationFilterChain.java:237)
	at org.apache.catalina.core.ApplicationFilterChain.doFilter(ApplicationFilterChain.java:157)
	at org.apache.catalina.core.StandardWrapperValve.invoke(StandardWrapperValve.java:214)
	at org.apache.catalina.core.StandardContextValve.invoke(StandardContextValve.java:178)
	at org.apache.catalina.core.StandardHostValve.invoke(StandardHostValve.java:126)
	at org.apache.catalina.valves.ErrorReportValve.invoke(ErrorReportValve.java:105)
	at org.apache.catalina.core.StandardEngineValve.invoke(StandardEngineValve.java:107)
	at org.apache.catalina.connector.CoyoteAdapter.service(CoyoteAdapter.java:148)
	at org.apache.coyote.http11.Http11Processor.process(Http11Processor.java:825)
	at org.apache.coyote.http11.Http11Protocol$Http11ConnectionHandler.processConnection(Http11Protocol.java:731)
	at org.apache.tomcat.util.net.PoolTcpEndpoint.processSocket(PoolTcpEndpoint.java:526)
	at org.apache.tomcat.util.net.LeaderFollowerWorkerThread.runIt(LeaderFollowerWorkerThread.java:80)
	at org.apache.tomcat.util.threads.ThreadPool$ControlRunnable.run(ThreadPool.java:684)
	at java.lang.Thread.run(Unknown Source)
2011. 11. 18 오전 10:07:58 org.apache.catalina.core.StandardWrapperValve invoke
심각: Servlet.service() for servlet jsp threw exception
java.lang.ClassNotFoundException: org.apache.jsp.jspsrc.example4_005f2_jsp
	at java.net.URLClassLoader$1.run(Unknown Source)
	at java.security.AccessController.doPrivileged(Native Method)
	at java.net.URLClassLoader.findClass(Unknown Source)
	at org.apache.jasper.servlet.JasperLoader.loadClass(JasperLoader.java:156)
	at org.apache.jasper.servlet.JasperLoader.loadClass(JasperLoader.java:69)
	at org.apache.jasper.JspCompilationContext.load(JspCompilationContext.java:589)
	at org.apache.jasper.servlet.JspServletWrapper.getServlet(JspServletWrapper.java:137)
	at org.apache.jasper.servlet.JspServletWrapper.service(JspServletWrapper.java:308)
	at org.apache.jasper.servlet.JspServlet.serviceJspFile(JspServlet.java:295)
	at org.apache.jasper.servlet.JspServlet.service(JspServlet.java:245)
	at javax.servlet.http.HttpServlet.service(HttpServlet.java:802)
	at org.apache.catalina.core.ApplicationFilterChain.internalDoFilter(ApplicationFilterChain.java:237)
	at org.apache.catalina.core.ApplicationFilterChain.doFilter(ApplicationFilterChain.java:157)
	at org.apache.catalina.core.StandardWrapperValve.invoke(StandardWrapperValve.java:214)
	at org.apache.catalina.core.StandardContextValve.invoke(StandardContextValve.java:178)
	at org.apache.catalina.core.StandardHostValve.invoke(StandardHostValve.java:126)
	at org.apache.catalina.valves.ErrorReportValve.invoke(ErrorReportValve.java:105)
	at org.apache.catalina.core.StandardEngineValve.invoke(StandardEngineValve.java:107)
	at org.apache.catalina.connector.CoyoteAdapter.service(CoyoteAdapter.java:148)
	at org.apache.coyote.http11.Http11Processor.process(Http11Processor.java:825)
	at org.apache.coyote.http11.Http11Protocol$Http11ConnectionHandler.processConnection(Http11Protocol.java:731)
	at org.apache.tomcat.util.net.PoolTcpEndpoint.processSocket(PoolTcpEndpoint.java:526)
	at org.apache.tomcat.util.net.LeaderFollowerWorkerThread.runIt(LeaderFollowerWorkerThread.java:80)
	at org.apache.tomcat.util.threads.ThreadPool$ControlRunnable.run(ThreadPool.java:684)
	at java.lang.Thread.run(Unknown Source)
2011. 11. 18 오전 10:07:59 org.apache.catalina.core.StandardWrapperValve invoke
심각: Servlet.service() for servlet jsp threw exception
java.lang.ClassNotFoundException: org.apache.jsp.jspsrc.example4_005f2_jsp
	at java.net.URLClassLoader$1.run(Unknown Source)
	at java.security.AccessController.doPrivileged(Native Method)
	at java.net.URLClassLoader.findClass(Unknown Source)
	at org.apache.jasper.servlet.JasperLoader.loadClass(JasperLoader.java:156)
	at org.apache.jasper.servlet.JasperLoader.loadClass(JasperLoader.java:69)
	at org.apache.jasper.JspCompilationContext.load(JspCompilationContext.java:589)
	at org.apache.jasper.servlet.JspServletWrapper.getServlet(JspServletWrapper.java:137)
	at org.apache.jasper.servlet.JspServletWrapper.service(JspServletWrapper.java:308)
	at org.apache.jasper.servlet.JspServlet.serviceJspFile(JspServlet.java:295)
	at org.apache.jasper.servlet.JspServlet.service(JspServlet.java:245)
	at javax.servlet.http.HttpServlet.service(HttpServlet.java:802)
	at org.apache.catalina.core.ApplicationFilterChain.internalDoFilter(ApplicationFilterChain.java:237)
	at org.apache.catalina.core.ApplicationFilterChain.doFilter(ApplicationFilterChain.java:157)
	at org.apache.catalina.core.StandardWrapperValve.invoke(StandardWrapperValve.java:214)
	at org.apache.catalina.core.StandardContextValve.invoke(StandardContextValve.java:178)
	at org.apache.catalina.core.StandardHostValve.invoke(StandardHostValve.java:126)
	at org.apache.catalina.valves.ErrorReportValve.invoke(ErrorReportValve.java:105)
	at org.apache.catalina.core.StandardEngineValve.invoke(StandardEngineValve.java:107)
	at org.apache.catalina.connector.CoyoteAdapter.service(CoyoteAdapter.java:148)
	at org.apache.coyote.http11.Http11Processor.process(Http11Processor.java:825)
	at org.apache.coyote.http11.Http11Protocol$Http11ConnectionHandler.processConnection(Http11Protocol.java:731)
	at org.apache.tomcat.util.net.PoolTcpEndpoint.processSocket(PoolTcpEndpoint.java:526)
	at org.apache.tomcat.util.net.LeaderFollowerWorkerThread.runIt(LeaderFollowerWorkerThread.java:80)
	at org.apache.tomcat.util.threads.ThreadPool$ControlRunnable.run(ThreadPool.java:684)
	at java.lang.Thread.run(Unknown Source)
2011. 11. 18 오전 10:08:00 org.apache.catalina.core.StandardWrapperValve invoke
심각: Servlet.service() for servlet jsp threw exception
org.apache.jasper.JasperException: Unable to compile class for JSP

An error occurred at line: 5 in the jsp file: /jspsrc/example4_2.jsp
Generated servlet error:
Syntax error on token ".", , expected


	at org.apache.jasper.compiler.DefaultErrorHandler.javacError(DefaultErrorHandler.java:84)
	at org.apache.jasper.compiler.ErrorDispatcher.javacError(ErrorDispatcher.java:328)
	at org.apache.jasper.compiler.JDTCompiler.generateClass(JDTCompiler.java:389)
	at org.apache.jasper.compiler.Compiler.compile(Compiler.java:288)
	at org.apache.jasper.compiler.Compiler.compile(Compiler.java:267)
	at org.apache.jasper.compiler.Compiler.compile(Compiler.java:255)
	at org.apache.jasper.JspCompilationContext.compile(JspCompilationContext.java:556)
	at org.apache.jasper.servlet.JspServletWrapper.service(JspServletWrapper.java:296)
	at org.apache.jasper.servlet.JspServlet.serviceJspFile(JspServlet.java:295)
	at org.apache.jasper.servlet.JspServlet.service(JspServlet.java:245)
	at javax.servlet.http.HttpServlet.service(HttpServlet.java:802)
	at org.apache.catalina.core.ApplicationFilterChain.internalDoFilter(ApplicationFilterChain.java:237)
	at org.apache.catalina.core.ApplicationFilterChain.doFilter(ApplicationFilterChain.java:157)
	at org.apache.catalina.core.StandardWrapperValve.invoke(StandardWrapperValve.java:214)
	at org.apache.catalina.core.StandardContextValve.invoke(StandardContextValve.java:178)
	at org.apache.catalina.core.StandardHostValve.invoke(StandardHostValve.java:126)
	at org.apache.catalina.valves.ErrorReportValve.invoke(ErrorReportValve.java:105)
	at org.apache.catalina.core.StandardEngineValve.invoke(StandardEngineValve.java:107)
	at org.apache.catalina.connector.CoyoteAdapter.service(CoyoteAdapter.java:148)
	at org.apache.coyote.http11.Http11Processor.process(Http11Processor.java:825)
	at org.apache.coyote.http11.Http11Protocol$Http11ConnectionHandler.processConnection(Http11Protocol.java:731)
	at org.apache.tomcat.util.net.PoolTcpEndpoint.processSocket(PoolTcpEndpoint.java:526)
	at org.apache.tomcat.util.net.LeaderFollowerWorkerThread.runIt(LeaderFollowerWorkerThread.java:80)
	at org.apache.tomcat.util.threads.ThreadPool$ControlRunnable.run(ThreadPool.java:684)
	at java.lang.Thread.run(Unknown Source)
2011. 11. 18 오전 10:08:43 org.apache.catalina.core.ApplicationContext log
정보: HTMLManager: restart: Reloading web application at '/edu'
2011. 11. 18 오전 10:08:43 org.apache.catalina.core.StandardContext reload
정보: Reloading this Context has started
2011. 11. 18 오전 10:08:43 org.apache.catalina.core.ApplicationContext log
정보: HTMLManager: list: Listing contexts for virtual host 'localhost'
2011. 11. 18 오전 10:08:48 org.apache.catalina.core.StandardWrapperValve invoke
심각: Servlet.service() for servlet jsp threw exception
org.apache.jasper.JasperException: Unable to compile class for JSP

An error occurred at line: 5 in the jsp file: /jspsrc/example4_2.jsp
Generated servlet error:
Syntax error on token ".", , expected


	at org.apache.jasper.compiler.DefaultErrorHandler.javacError(DefaultErrorHandler.java:84)
	at org.apache.jasper.compiler.ErrorDispatcher.javacError(ErrorDispatcher.java:328)
	at org.apache.jasper.compiler.JDTCompiler.generateClass(JDTCompiler.java:389)
	at org.apache.jasper.compiler.Compiler.compile(Compiler.java:288)
	at org.apache.jasper.compiler.Compiler.compile(Compiler.java:267)
	at org.apache.jasper.compiler.Compiler.compile(Compiler.java:255)
	at org.apache.jasper.JspCompilationContext.compile(JspCompilationContext.java:556)
	at org.apache.jasper.servlet.JspServletWrapper.service(JspServletWrapper.java:296)
	at org.apache.jasper.servlet.JspServlet.serviceJspFile(JspServlet.java:295)
	at org.apache.jasper.servlet.JspServlet.service(JspServlet.java:245)
	at javax.servlet.http.HttpServlet.service(HttpServlet.java:802)
	at org.apache.catalina.core.ApplicationFilterChain.internalDoFilter(ApplicationFilterChain.java:237)
	at org.apache.catalina.core.ApplicationFilterChain.doFilter(ApplicationFilterChain.java:157)
	at org.apache.catalina.core.StandardWrapperValve.invoke(StandardWrapperValve.java:214)
	at org.apache.catalina.core.StandardContextValve.invoke(StandardContextValve.java:178)
	at org.apache.catalina.core.StandardHostValve.invoke(StandardHostValve.java:126)
	at org.apache.catalina.valves.ErrorReportValve.invoke(ErrorReportValve.java:105)
	at org.apache.catalina.core.StandardEngineValve.invoke(StandardEngineValve.java:107)
	at org.apache.catalina.connector.CoyoteAdapter.service(CoyoteAdapter.java:148)
	at org.apache.coyote.http11.Http11Processor.process(Http11Processor.java:825)
	at org.apache.coyote.http11.Http11Protocol$Http11ConnectionHandler.processConnection(Http11Protocol.java:731)
	at org.apache.tomcat.util.net.PoolTcpEndpoint.processSocket(PoolTcpEndpoint.java:526)
	at org.apache.tomcat.util.net.LeaderFollowerWorkerThread.runIt(LeaderFollowerWorkerThread.java:80)
	at org.apache.tomcat.util.threads.ThreadPool$ControlRunnable.run(ThreadPool.java:684)
	at java.lang.Thread.run(Unknown Source)
